<?xml version="1.0" encoding="UTF-8"?>
<!-- Generated by org.testng.reporters.JUnitReportReporter -->
<testsuite hostname="DESKTOP-9FGSSGP" failures="0" tests="1" name="test.LoginTest" time="7.909" errors="0" timestamp="2022-04-07T20:36:51 IST" skipped="0">
  <testcase classname="test.LoginTest" name="login" time="7.909"/>
  <system-out/>
</testsuite> <!-- test.LoginTest -->
