<?xml version="1.0" encoding="UTF-8"?>
<!-- Generated by org.testng.reporters.JUnitReportReporter -->
<testsuite hostname="DESKTOP-9FGSSGP" failures="0" tests="1" name="test.LoginTest" time="7.391" errors="0" timestamp="2022-04-06T17:46:31 IST" skipped="0">
  <testcase classname="test.LoginTest" name="login" time="7.391"/>
  <system-out/>
</testsuite> <!-- test.LoginTest -->
